{"/Users/anoop/Desktop/anoop-reviews/database/config.js": {"path":"/Users/anoop/Desktop/anoop-reviews/database/config.js","statementMap":{"0":{"start":{"line":1,"column":0},"end":{"line":6,"column":2}}},"fnMap":{},"branchMap":{},"s":{"0":1},"f":{},"b":{},"_coverageSchema":"332fd63041d2c1bcb487cc26dd0d5f7d97098a6c","hash":"319bb340dfff833b2070bcdd6b8e63d477152f02"}
,"/Users/anoop/Desktop/anoop-reviews/database/indexSDC.js": {"path":"/Users/anoop/Desktop/anoop-reviews/database/indexSDC.js","statementMap":{"0":{"start":{"line":1,"column":25},"end":{"line":1,"column":38}},"1":{"start":{"line":2,"column":15},"end":{"line":2,"column":34}},"2":{"start":{"line":5,"column":15},"end":{"line":5,"column":33}},"3":{"start":{"line":12,"column":0},"end":{"line":14,"column":34}},"4":{"start":{"line":13,"column":14},"end":{"line":13,"column":59}},"5":{"start":{"line":14,"column":16},"end":{"line":14,"column":32}},"6":{"start":{"line":17,"column":30},"end":{"line":37,"column":1}},"7":{"start":{"line":18,"column":2},"end":{"line":36,"column":3}},"8":{"start":{"line":20,"column":17},"end":{"line":20,"column":83}},"9":{"start":{"line":21,"column":19},"end":{"line":21,"column":31}},"10":{"start":{"line":22,"column":4},"end":{"line":22,"column":38}},"11":{"start":{"line":23,"column":4},"end":{"line":23,"column":44}},"12":{"start":{"line":24,"column":4},"end":{"line":24,"column":34}},"13":{"start":{"line":25,"column":4},"end":{"line":25,"column":55}},"14":{"start":{"line":26,"column":4},"end":{"line":26,"column":43}},"15":{"start":{"line":27,"column":4},"end":{"line":27,"column":53}},"16":{"start":{"line":28,"column":4},"end":{"line":28,"column":49}},"17":{"start":{"line":29,"column":4},"end":{"line":29,"column":43}},"18":{"start":{"line":30,"column":4},"end":{"line":30,"column":41}},"19":{"start":{"line":31,"column":4},"end":{"line":31,"column":37}},"20":{"start":{"line":33,"column":4},"end":{"line":33,"column":37}},"21":{"start":{"line":35,"column":4},"end":{"line":35,"column":61}},"22":{"start":{"line":39,"column":29},"end":{"line":59,"column":1}},"23":{"start":{"line":40,"column":17},"end":{"line":40,"column":428}},"24":{"start":{"line":41,"column":2},"end":{"line":43,"column":3}},"25":{"start":{"line":42,"column":4},"end":{"line":42,"column":59}},"26":{"start":{"line":44,"column":2},"end":{"line":44,"column":27}},"27":{"start":{"line":45,"column":2},"end":{"line":47,"column":3}},"28":{"start":{"line":46,"column":4},"end":{"line":46,"column":89}},"29":{"start":{"line":48,"column":2},"end":{"line":48,"column":27}},"30":{"start":{"line":49,"column":2},"end":{"line":58,"column":3}},"31":{"start":{"line":50,"column":17},"end":{"line":50,"column":64}},"32":{"start":{"line":51,"column":4},"end":{"line":55,"column":7}},"33":{"start":{"line":52,"column":6},"end":{"line":52,"column":34}},"34":{"start":{"line":53,"column":6},"end":{"line":53,"column":44}},"35":{"start":{"line":54,"column":6},"end":{"line":54,"column":36}},"36":{"start":{"line":57,"column":4},"end":{"line":57,"column":61}},"37":{"start":{"line":61,"column":18},"end":{"line":68,"column":1}},"38":{"start":{"line":62,"column":17},"end":{"line":62,"column":181}},"39":{"start":{"line":63,"column":2},"end":{"line":67,"column":3}},"40":{"start":{"line":64,"column":4},"end":{"line":64,"column":217}},"41":{"start":{"line":66,"column":4},"end":{"line":66,"column":57}},"42":{"start":{"line":70,"column":21},"end":{"line":77,"column":1}},"43":{"start":{"line":71,"column":17},"end":{"line":71,"column":155}},"44":{"start":{"line":72,"column":2},"end":{"line":76,"column":3}},"45":{"start":{"line":73,"column":4},"end":{"line":73,"column":187}},"46":{"start":{"line":75,"column":4},"end":{"line":75,"column":59}},"47":{"start":{"line":79,"column":21},"end":{"line":86,"column":1}},"48":{"start":{"line":80,"column":17},"end":{"line":80,"column":52}},"49":{"start":{"line":81,"column":2},"end":{"line":85,"column":3}},"50":{"start":{"line":82,"column":4},"end":{"line":82,"column":54}},"51":{"start":{"line":84,"column":4},"end":{"line":84,"column":59}},"52":{"start":{"line":88,"column":0},"end":{"line":88,"column":31}},"53":{"start":{"line":89,"column":0},"end":{"line":89,"column":61}},"54":{"start":{"line":90,"column":0},"end":{"line":90,"column":59}},"55":{"start":{"line":91,"column":0},"end":{"line":91,"column":37}},"56":{"start":{"line":92,"column":0},"end":{"line":92,"column":43}},"57":{"start":{"line":93,"column":0},"end":{"line":93,"column":43}},"58":{"start":{"line":95,"column":0},"end":{"line":98,"column":1}},"59":{"start":{"line":96,"column":2},"end":{"line":96,"column":15}},"60":{"start":{"line":97,"column":2},"end":{"line":97,"column":19}}},"fnMap":{"0":{"name":"(anonymous_0)","decl":{"start":{"line":13,"column":8},"end":{"line":13,"column":9}},"loc":{"start":{"line":13,"column":14},"end":{"line":13,"column":59}},"line":13},"1":{"name":"(anonymous_1)","decl":{"start":{"line":14,"column":9},"end":{"line":14,"column":10}},"loc":{"start":{"line":14,"column":16},"end":{"line":14,"column":32}},"line":14},"2":{"name":"(anonymous_2)","decl":{"start":{"line":17,"column":30},"end":{"line":17,"column":31}},"loc":{"start":{"line":17,"column":48},"end":{"line":37,"column":1}},"line":17},"3":{"name":"(anonymous_3)","decl":{"start":{"line":39,"column":29},"end":{"line":39,"column":30}},"loc":{"start":{"line":39,"column":49},"end":{"line":59,"column":1}},"line":39},"4":{"name":"(anonymous_4)","decl":{"start":{"line":51,"column":25},"end":{"line":51,"column":26}},"loc":{"start":{"line":51,"column":34},"end":{"line":55,"column":5}},"line":51},"5":{"name":"(anonymous_5)","decl":{"start":{"line":61,"column":18},"end":{"line":61,"column":19}},"loc":{"start":{"line":61,"column":38},"end":{"line":68,"column":1}},"line":61},"6":{"name":"(anonymous_6)","decl":{"start":{"line":70,"column":21},"end":{"line":70,"column":22}},"loc":{"start":{"line":70,"column":41},"end":{"line":77,"column":1}},"line":70},"7":{"name":"(anonymous_7)","decl":{"start":{"line":79,"column":21},"end":{"line":79,"column":22}},"loc":{"start":{"line":79,"column":41},"end":{"line":86,"column":1}},"line":79}},"branchMap":{"0":{"loc":{"start":{"line":41,"column":2},"end":{"line":43,"column":3}},"type":"if","locations":[{"start":{"line":41,"column":2},"end":{"line":43,"column":3}},{"start":{"line":41,"column":2},"end":{"line":43,"column":3}}],"line":41},"1":{"loc":{"start":{"line":41,"column":6},"end":{"line":41,"column":48}},"type":"binary-expr","locations":[{"start":{"line":41,"column":6},"end":{"line":41,"column":22}},{"start":{"line":41,"column":26},"end":{"line":41,"column":48}}],"line":41},"2":{"loc":{"start":{"line":45,"column":2},"end":{"line":47,"column":3}},"type":"if","locations":[{"start":{"line":45,"column":2},"end":{"line":47,"column":3}},{"start":{"line":45,"column":2},"end":{"line":47,"column":3}}],"line":45},"3":{"loc":{"start":{"line":45,"column":6},"end":{"line":45,"column":47}},"type":"binary-expr","locations":[{"start":{"line":45,"column":6},"end":{"line":45,"column":21}},{"start":{"line":45,"column":25},"end":{"line":45,"column":47}}],"line":45},"4":{"loc":{"start":{"line":46,"column":40},"end":{"line":46,"column":86}},"type":"cond-expr","locations":[{"start":{"line":46,"column":70},"end":{"line":46,"column":79}},{"start":{"line":46,"column":82},"end":{"line":46,"column":86}}],"line":46},"5":{"loc":{"start":{"line":95,"column":0},"end":{"line":98,"column":1}},"type":"if","locations":[{"start":{"line":95,"column":0},"end":{"line":98,"column":1}},{"start":{"line":95,"column":0},"end":{"line":98,"column":1}}],"line":95}},"s":{"0":1,"1":1,"2":1,"3":1,"4":0,"5":0,"6":1,"7":0,"8":0,"9":0,"10":0,"11":0,"12":0,"13":0,"14":0,"15":0,"16":0,"17":0,"18":0,"19":0,"20":0,"21":0,"22":1,"23":0,"24":0,"25":0,"26":0,"27":0,"28":0,"29":0,"30":0,"31":0,"32":0,"33":0,"34":0,"35":0,"36":0,"37":1,"38":0,"39":0,"40":0,"41":0,"42":1,"43":0,"44":0,"45":0,"46":0,"47":1,"48":0,"49":0,"50":0,"51":0,"52":1,"53":1,"54":1,"55":1,"56":1,"57":1,"58":1,"59":0,"60":0},"f":{"0":0,"1":0,"2":0,"3":0,"4":0,"5":0,"6":0,"7":0},"b":{"0":[0,0],"1":[0,0],"2":[0,0],"3":[0,0],"4":[0,0],"5":[0,1]},"_coverageSchema":"332fd63041d2c1bcb487cc26dd0d5f7d97098a6c","hash":"756c84ea5e05668227ea6a68d8e2f782b3c73ffc"}
,"/Users/anoop/Desktop/anoop-reviews/server/index.js": {"path":"/Users/anoop/Desktop/anoop-reviews/server/index.js","statementMap":{"0":{"start":{"line":2,"column":16},"end":{"line":2,"column":34}},"1":{"start":{"line":3,"column":15},"end":{"line":3,"column":32}},"2":{"start":{"line":4,"column":19},"end":{"line":4,"column":41}},"3":{"start":{"line":5,"column":13},"end":{"line":5,"column":28}},"4":{"start":{"line":6,"column":13},"end":{"line":6,"column":28}},"5":{"start":{"line":7,"column":21},"end":{"line":7,"column":41}},"6":{"start":{"line":10,"column":12},"end":{"line":10,"column":21}},"7":{"start":{"line":16,"column":0},"end":{"line":16,"column":27}},"8":{"start":{"line":17,"column":0},"end":{"line":17,"column":51}},"9":{"start":{"line":21,"column":0},"end":{"line":35,"column":3}},"10":{"start":{"line":22,"column":2},"end":{"line":22,"column":49}},"11":{"start":{"line":23,"column":2},"end":{"line":26,"column":4}},"12":{"start":{"line":27,"column":2},"end":{"line":33,"column":3}},"13":{"start":{"line":28,"column":4},"end":{"line":31,"column":6}},"14":{"start":{"line":32,"column":4},"end":{"line":32,"column":36}},"15":{"start":{"line":34,"column":2},"end":{"line":34,"column":9}},"16":{"start":{"line":39,"column":0},"end":{"line":39,"column":64}},"17":{"start":{"line":40,"column":0},"end":{"line":40,"column":55}},"18":{"start":{"line":40,"column":38},"end":{"line":40,"column":53}},"19":{"start":{"line":43,"column":0},"end":{"line":43,"column":34}},"20":{"start":{"line":46,"column":0},"end":{"line":51,"column":3}},"21":{"start":{"line":47,"column":16},"end":{"line":47,"column":38}},"22":{"start":{"line":48,"column":2},"end":{"line":48,"column":21}},"23":{"start":{"line":49,"column":2},"end":{"line":49,"column":56}},"24":{"start":{"line":50,"column":2},"end":{"line":50,"column":14}},"25":{"start":{"line":54,"column":0},"end":{"line":62,"column":3}},"26":{"start":{"line":55,"column":2},"end":{"line":55,"column":57}},"27":{"start":{"line":56,"column":2},"end":{"line":56,"column":34}},"28":{"start":{"line":57,"column":2},"end":{"line":61,"column":5}},"29":{"start":{"line":66,"column":13},"end":{"line":66,"column":37}},"30":{"start":{"line":67,"column":15},"end":{"line":67,"column":37}},"31":{"start":{"line":69,"column":0},"end":{"line":69,"column":24}},"32":{"start":{"line":71,"column":0},"end":{"line":74,"column":1}},"33":{"start":{"line":72,"column":2},"end":{"line":72,"column":22}},"34":{"start":{"line":73,"column":2},"end":{"line":73,"column":46}}},"fnMap":{"0":{"name":"(anonymous_0)","decl":{"start":{"line":21,"column":8},"end":{"line":21,"column":9}},"loc":{"start":{"line":21,"column":28},"end":{"line":35,"column":1}},"line":21},"1":{"name":"(anonymous_1)","decl":{"start":{"line":40,"column":24},"end":{"line":40,"column":25}},"loc":{"start":{"line":40,"column":38},"end":{"line":40,"column":53}},"line":40},"2":{"name":"(anonymous_2)","decl":{"start":{"line":46,"column":8},"end":{"line":46,"column":9}},"loc":{"start":{"line":46,"column":28},"end":{"line":51,"column":1}},"line":46},"3":{"name":"(anonymous_3)","decl":{"start":{"line":54,"column":8},"end":{"line":54,"column":9}},"loc":{"start":{"line":54,"column":35},"end":{"line":62,"column":1}},"line":54}},"branchMap":{"0":{"loc":{"start":{"line":27,"column":2},"end":{"line":33,"column":3}},"type":"if","locations":[{"start":{"line":27,"column":2},"end":{"line":33,"column":3}},{"start":{"line":27,"column":2},"end":{"line":33,"column":3}}],"line":27},"1":{"loc":{"start":{"line":56,"column":13},"end":{"line":56,"column":32}},"type":"binary-expr","locations":[{"start":{"line":56,"column":13},"end":{"line":56,"column":25}},{"start":{"line":56,"column":29},"end":{"line":56,"column":32}}],"line":56},"2":{"loc":{"start":{"line":66,"column":13},"end":{"line":66,"column":37}},"type":"binary-expr","locations":[{"start":{"line":66,"column":13},"end":{"line":66,"column":29}},{"start":{"line":66,"column":33},"end":{"line":66,"column":37}}],"line":66},"3":{"loc":{"start":{"line":71,"column":0},"end":{"line":74,"column":1}},"type":"if","locations":[{"start":{"line":71,"column":0},"end":{"line":74,"column":1}},{"start":{"line":71,"column":0},"end":{"line":74,"column":1}}],"line":71}},"s":{"0":1,"1":1,"2":1,"3":1,"4":1,"5":1,"6":1,"7":1,"8":1,"9":1,"10":0,"11":0,"12":0,"13":0,"14":0,"15":0,"16":1,"17":1,"18":0,"19":1,"20":1,"21":0,"22":0,"23":0,"24":0,"25":1,"26":0,"27":0,"28":0,"29":1,"30":1,"31":1,"32":1,"33":0,"34":0},"f":{"0":0,"1":0,"2":0,"3":0},"b":{"0":[0,0],"1":[0,0],"2":[1,1],"3":[0,1]},"_coverageSchema":"332fd63041d2c1bcb487cc26dd0d5f7d97098a6c","hash":"cb3f2b5cf382a26d9434fbc2bc1235c10e1c66d1"}
,"/Users/anoop/Desktop/anoop-reviews/server/reviews.js": {"path":"/Users/anoop/Desktop/anoop-reviews/server/reviews.js","statementMap":{"0":{"start":{"line":1,"column":16},"end":{"line":1,"column":34}},"1":{"start":{"line":2,"column":20},"end":{"line":2,"column":44}},"2":{"start":{"line":3,"column":11},"end":{"line":3,"column":42}},"3":{"start":{"line":5,"column":15},"end":{"line":5,"column":31}},"4":{"start":{"line":7,"column":25},"end":{"line":7,"column":34}},"5":{"start":{"line":9,"column":23},"end":{"line":19,"column":1}},"6":{"start":{"line":10,"column":17},"end":{"line":10,"column":19}},"7":{"start":{"line":11,"column":2},"end":{"line":11,"column":61}},"8":{"start":{"line":12,"column":2},"end":{"line":14,"column":3}},"9":{"start":{"line":13,"column":4},"end":{"line":13,"column":43}},"10":{"start":{"line":15,"column":16},"end":{"line":15,"column":35}},"11":{"start":{"line":16,"column":14},"end":{"line":16,"column":41}},"12":{"start":{"line":17,"column":2},"end":{"line":17,"column":65}},"13":{"start":{"line":18,"column":2},"end":{"line":18,"column":16}},"14":{"start":{"line":22,"column":0},"end":{"line":41,"column":3}},"15":{"start":{"line":23,"column":2},"end":{"line":40,"column":3}},"16":{"start":{"line":24,"column":21},"end":{"line":24,"column":31}},"17":{"start":{"line":25,"column":4},"end":{"line":25,"column":34}},"18":{"start":{"line":26,"column":4},"end":{"line":36,"column":5}},"19":{"start":{"line":31,"column":19},"end":{"line":31,"column":51}},"20":{"start":{"line":32,"column":22},"end":{"line":32,"column":57}},"21":{"start":{"line":33,"column":6},"end":{"line":33,"column":95}},"22":{"start":{"line":34,"column":6},"end":{"line":34,"column":50}},"23":{"start":{"line":35,"column":6},"end":{"line":35,"column":74}},"24":{"start":{"line":37,"column":4},"end":{"line":37,"column":52}},"25":{"start":{"line":39,"column":4},"end":{"line":39,"column":14}},"26":{"start":{"line":43,"column":0},"end":{"line":55,"column":3}},"27":{"start":{"line":44,"column":2},"end":{"line":54,"column":3}},"28":{"start":{"line":45,"column":4},"end":{"line":45,"column":28}},"29":{"start":{"line":46,"column":17},"end":{"line":46,"column":44}},"30":{"start":{"line":47,"column":4},"end":{"line":47,"column":31}},"31":{"start":{"line":48,"column":19},"end":{"line":48,"column":29}},"32":{"start":{"line":49,"column":4},"end":{"line":49,"column":38}},"33":{"start":{"line":50,"column":4},"end":{"line":50,"column":33}},"34":{"start":{"line":51,"column":4},"end":{"line":51,"column":24}},"35":{"start":{"line":53,"column":4},"end":{"line":53,"column":14}},"36":{"start":{"line":58,"column":0},"end":{"line":68,"column":3}},"37":{"start":{"line":59,"column":2},"end":{"line":67,"column":3}},"38":{"start":{"line":60,"column":19},"end":{"line":60,"column":38}},"39":{"start":{"line":61,"column":21},"end":{"line":61,"column":33}},"40":{"start":{"line":62,"column":4},"end":{"line":62,"column":38}},"41":{"start":{"line":63,"column":4},"end":{"line":63,"column":36}},"42":{"start":{"line":64,"column":4},"end":{"line":64,"column":24}},"43":{"start":{"line":66,"column":4},"end":{"line":66,"column":14}},"44":{"start":{"line":70,"column":0},"end":{"line":80,"column":3}},"45":{"start":{"line":71,"column":2},"end":{"line":79,"column":3}},"46":{"start":{"line":72,"column":19},"end":{"line":72,"column":38}},"47":{"start":{"line":73,"column":21},"end":{"line":73,"column":33}},"48":{"start":{"line":74,"column":4},"end":{"line":74,"column":38}},"49":{"start":{"line":75,"column":4},"end":{"line":75,"column":36}},"50":{"start":{"line":76,"column":4},"end":{"line":76,"column":24}},"51":{"start":{"line":78,"column":4},"end":{"line":78,"column":14}},"52":{"start":{"line":82,"column":0},"end":{"line":82,"column":24}}},"fnMap":{"0":{"name":"(anonymous_0)","decl":{"start":{"line":9,"column":23},"end":{"line":9,"column":24}},"loc":{"start":{"line":9,"column":55},"end":{"line":19,"column":1}},"line":9},"1":{"name":"(anonymous_1)","decl":{"start":{"line":22,"column":23},"end":{"line":22,"column":24}},"loc":{"start":{"line":22,"column":49},"end":{"line":41,"column":1}},"line":22},"2":{"name":"(anonymous_2)","decl":{"start":{"line":43,"column":24},"end":{"line":43,"column":25}},"loc":{"start":{"line":43,"column":50},"end":{"line":55,"column":1}},"line":43},"3":{"name":"(anonymous_3)","decl":{"start":{"line":58,"column":33},"end":{"line":58,"column":34}},"loc":{"start":{"line":58,"column":59},"end":{"line":68,"column":1}},"line":58},"4":{"name":"(anonymous_4)","decl":{"start":{"line":70,"column":36},"end":{"line":70,"column":37}},"loc":{"start":{"line":70,"column":62},"end":{"line":80,"column":1}},"line":70}},"branchMap":{"0":{"loc":{"start":{"line":12,"column":2},"end":{"line":14,"column":3}},"type":"if","locations":[{"start":{"line":12,"column":2},"end":{"line":14,"column":3}},{"start":{"line":12,"column":2},"end":{"line":14,"column":3}}],"line":12},"1":{"loc":{"start":{"line":26,"column":4},"end":{"line":36,"column":5}},"type":"if","locations":[{"start":{"line":26,"column":4},"end":{"line":36,"column":5}},{"start":{"line":26,"column":4},"end":{"line":36,"column":5}}],"line":26},"2":{"loc":{"start":{"line":27,"column":6},"end":{"line":29,"column":44}},"type":"binary-expr","locations":[{"start":{"line":27,"column":6},"end":{"line":27,"column":39}},{"start":{"line":28,"column":9},"end":{"line":29,"column":44}}],"line":27},"3":{"loc":{"start":{"line":28,"column":11},"end":{"line":29,"column":43}},"type":"binary-expr","locations":[{"start":{"line":28,"column":11},"end":{"line":28,"column":34}},{"start":{"line":29,"column":9},"end":{"line":29,"column":43}}],"line":28}},"s":{"0":1,"1":1,"2":1,"3":1,"4":1,"5":1,"6":0,"7":0,"8":0,"9":0,"10":0,"11":0,"12":0,"13":0,"14":1,"15":0,"16":0,"17":0,"18":0,"19":0,"20":0,"21":0,"22":0,"23":0,"24":0,"25":0,"26":1,"27":0,"28":0,"29":0,"30":0,"31":0,"32":0,"33":0,"34":0,"35":0,"36":1,"37":0,"38":0,"39":0,"40":0,"41":0,"42":0,"43":0,"44":1,"45":0,"46":0,"47":0,"48":0,"49":0,"50":0,"51":0,"52":1},"f":{"0":0,"1":0,"2":0,"3":0,"4":0},"b":{"0":[0,0],"1":[0,0],"2":[0,0],"3":[0,0]},"_coverageSchema":"332fd63041d2c1bcb487cc26dd0d5f7d97098a6c","hash":"71ee7deec76a3b9618b0b16a741e8c0b01bfe9fc"}
,"/Users/anoop/Desktop/anoop-reviews/server/tempStorage.js": {"path":"/Users/anoop/Desktop/anoop-reviews/server/tempStorage.js","statementMap":{"0":{"start":{"line":1,"column":20},"end":{"line":5,"column":1}},"1":{"start":{"line":7,"column":0},"end":{"line":7,"column":29}}},"fnMap":{},"branchMap":{},"s":{"0":1,"1":1},"f":{},"b":{},"_coverageSchema":"332fd63041d2c1bcb487cc26dd0d5f7d97098a6c","hash":"a89dceb3c205b050085ad2c6348ea9d37ab246de"}
}
