{"/Users/anoop/Desktop/anoop-reviews/database/config.js": {"path":"/Users/anoop/Desktop/anoop-reviews/database/config.js","statementMap":{"0":{"start":{"line":1,"column":0},"end":{"line":6,"column":2}}},"fnMap":{},"branchMap":{},"s":{"0":1},"f":{},"b":{},"_coverageSchema":"332fd63041d2c1bcb487cc26dd0d5f7d97098a6c","hash":"319bb340dfff833b2070bcdd6b8e63d477152f02"}
,"/Users/anoop/Desktop/anoop-reviews/database/indexSDC.js": {"path":"/Users/anoop/Desktop/anoop-reviews/database/indexSDC.js","statementMap":{"0":{"start":{"line":1,"column":17},"end":{"line":1,"column":30}},"1":{"start":{"line":2,"column":15},"end":{"line":2,"column":34}},"2":{"start":{"line":4,"column":13},"end":{"line":4,"column":29}},"3":{"start":{"line":6,"column":0},"end":{"line":9,"column":3}},"4":{"start":{"line":7,"column":2},"end":{"line":7,"column":58}},"5":{"start":{"line":8,"column":2},"end":{"line":8,"column":19}},"6":{"start":{"line":11,"column":30},"end":{"line":29,"column":1}},"7":{"start":{"line":12,"column":2},"end":{"line":28,"column":3}},"8":{"start":{"line":13,"column":17},"end":{"line":13,"column":226}},"9":{"start":{"line":14,"column":19},"end":{"line":14,"column":31}},"10":{"start":{"line":15,"column":4},"end":{"line":15,"column":38}},"11":{"start":{"line":16,"column":4},"end":{"line":16,"column":44}},"12":{"start":{"line":17,"column":4},"end":{"line":17,"column":34}},"13":{"start":{"line":18,"column":4},"end":{"line":18,"column":55}},"14":{"start":{"line":19,"column":4},"end":{"line":19,"column":43}},"15":{"start":{"line":20,"column":4},"end":{"line":20,"column":53}},"16":{"start":{"line":21,"column":4},"end":{"line":21,"column":49}},"17":{"start":{"line":22,"column":4},"end":{"line":22,"column":43}},"18":{"start":{"line":23,"column":4},"end":{"line":23,"column":41}},"19":{"start":{"line":24,"column":4},"end":{"line":24,"column":37}},"20":{"start":{"line":25,"column":4},"end":{"line":25,"column":37}},"21":{"start":{"line":27,"column":4},"end":{"line":27,"column":61}},"22":{"start":{"line":30,"column":29},"end":{"line":50,"column":1}},"23":{"start":{"line":31,"column":17},"end":{"line":31,"column":428}},"24":{"start":{"line":32,"column":2},"end":{"line":34,"column":3}},"25":{"start":{"line":33,"column":4},"end":{"line":33,"column":59}},"26":{"start":{"line":35,"column":2},"end":{"line":35,"column":27}},"27":{"start":{"line":36,"column":2},"end":{"line":38,"column":3}},"28":{"start":{"line":37,"column":4},"end":{"line":37,"column":89}},"29":{"start":{"line":39,"column":2},"end":{"line":39,"column":27}},"30":{"start":{"line":40,"column":2},"end":{"line":49,"column":3}},"31":{"start":{"line":41,"column":17},"end":{"line":41,"column":62}},"32":{"start":{"line":42,"column":4},"end":{"line":46,"column":7}},"33":{"start":{"line":43,"column":6},"end":{"line":43,"column":34}},"34":{"start":{"line":44,"column":6},"end":{"line":44,"column":44}},"35":{"start":{"line":45,"column":6},"end":{"line":45,"column":36}},"36":{"start":{"line":48,"column":4},"end":{"line":48,"column":61}},"37":{"start":{"line":51,"column":18},"end":{"line":58,"column":1}},"38":{"start":{"line":52,"column":17},"end":{"line":52,"column":181}},"39":{"start":{"line":53,"column":2},"end":{"line":57,"column":3}},"40":{"start":{"line":54,"column":4},"end":{"line":54,"column":215}},"41":{"start":{"line":56,"column":4},"end":{"line":56,"column":57}},"42":{"start":{"line":59,"column":21},"end":{"line":66,"column":1}},"43":{"start":{"line":60,"column":17},"end":{"line":60,"column":155}},"44":{"start":{"line":61,"column":2},"end":{"line":65,"column":3}},"45":{"start":{"line":62,"column":4},"end":{"line":62,"column":185}},"46":{"start":{"line":64,"column":4},"end":{"line":64,"column":59}},"47":{"start":{"line":67,"column":21},"end":{"line":74,"column":1}},"48":{"start":{"line":68,"column":17},"end":{"line":68,"column":52}},"49":{"start":{"line":69,"column":2},"end":{"line":73,"column":3}},"50":{"start":{"line":70,"column":4},"end":{"line":70,"column":52}},"51":{"start":{"line":72,"column":4},"end":{"line":72,"column":59}},"52":{"start":{"line":75,"column":0},"end":{"line":75,"column":27}},"53":{"start":{"line":76,"column":0},"end":{"line":76,"column":61}},"54":{"start":{"line":77,"column":0},"end":{"line":77,"column":59}},"55":{"start":{"line":78,"column":0},"end":{"line":78,"column":37}},"56":{"start":{"line":79,"column":0},"end":{"line":79,"column":43}},"57":{"start":{"line":80,"column":0},"end":{"line":80,"column":43}},"58":{"start":{"line":82,"column":0},"end":{"line":85,"column":1}},"59":{"start":{"line":83,"column":2},"end":{"line":83,"column":13}},"60":{"start":{"line":84,"column":2},"end":{"line":84,"column":19}}},"fnMap":{"0":{"name":"(anonymous_0)","decl":{"start":{"line":6,"column":17},"end":{"line":6,"column":18}},"loc":{"start":{"line":6,"column":34},"end":{"line":9,"column":1}},"line":6},"1":{"name":"(anonymous_1)","decl":{"start":{"line":11,"column":30},"end":{"line":11,"column":31}},"loc":{"start":{"line":11,"column":48},"end":{"line":29,"column":1}},"line":11},"2":{"name":"(anonymous_2)","decl":{"start":{"line":30,"column":29},"end":{"line":30,"column":30}},"loc":{"start":{"line":30,"column":49},"end":{"line":50,"column":1}},"line":30},"3":{"name":"(anonymous_3)","decl":{"start":{"line":42,"column":25},"end":{"line":42,"column":26}},"loc":{"start":{"line":42,"column":34},"end":{"line":46,"column":5}},"line":42},"4":{"name":"(anonymous_4)","decl":{"start":{"line":51,"column":18},"end":{"line":51,"column":19}},"loc":{"start":{"line":51,"column":38},"end":{"line":58,"column":1}},"line":51},"5":{"name":"(anonymous_5)","decl":{"start":{"line":59,"column":21},"end":{"line":59,"column":22}},"loc":{"start":{"line":59,"column":41},"end":{"line":66,"column":1}},"line":59},"6":{"name":"(anonymous_6)","decl":{"start":{"line":67,"column":21},"end":{"line":67,"column":22}},"loc":{"start":{"line":67,"column":41},"end":{"line":74,"column":1}},"line":67}},"branchMap":{"0":{"loc":{"start":{"line":32,"column":2},"end":{"line":34,"column":3}},"type":"if","locations":[{"start":{"line":32,"column":2},"end":{"line":34,"column":3}},{"start":{"line":32,"column":2},"end":{"line":34,"column":3}}],"line":32},"1":{"loc":{"start":{"line":32,"column":6},"end":{"line":32,"column":48}},"type":"binary-expr","locations":[{"start":{"line":32,"column":6},"end":{"line":32,"column":22}},{"start":{"line":32,"column":26},"end":{"line":32,"column":48}}],"line":32},"2":{"loc":{"start":{"line":36,"column":2},"end":{"line":38,"column":3}},"type":"if","locations":[{"start":{"line":36,"column":2},"end":{"line":38,"column":3}},{"start":{"line":36,"column":2},"end":{"line":38,"column":3}}],"line":36},"3":{"loc":{"start":{"line":36,"column":6},"end":{"line":36,"column":47}},"type":"binary-expr","locations":[{"start":{"line":36,"column":6},"end":{"line":36,"column":21}},{"start":{"line":36,"column":25},"end":{"line":36,"column":47}}],"line":36},"4":{"loc":{"start":{"line":37,"column":40},"end":{"line":37,"column":86}},"type":"cond-expr","locations":[{"start":{"line":37,"column":70},"end":{"line":37,"column":79}},{"start":{"line":37,"column":82},"end":{"line":37,"column":86}}],"line":37},"5":{"loc":{"start":{"line":82,"column":0},"end":{"line":85,"column":1}},"type":"if","locations":[{"start":{"line":82,"column":0},"end":{"line":85,"column":1}},{"start":{"line":82,"column":0},"end":{"line":85,"column":1}}],"line":82}},"s":{"0":1,"1":1,"2":1,"3":1,"4":0,"5":0,"6":1,"7":0,"8":0,"9":0,"10":0,"11":0,"12":0,"13":0,"14":0,"15":0,"16":0,"17":0,"18":0,"19":0,"20":0,"21":0,"22":1,"23":0,"24":0,"25":0,"26":0,"27":0,"28":0,"29":0,"30":0,"31":0,"32":0,"33":0,"34":0,"35":0,"36":0,"37":1,"38":0,"39":0,"40":0,"41":0,"42":1,"43":0,"44":0,"45":0,"46":0,"47":1,"48":0,"49":0,"50":0,"51":0,"52":1,"53":1,"54":1,"55":1,"56":1,"57":1,"58":1,"59":0,"60":0},"f":{"0":0,"1":0,"2":0,"3":0,"4":0,"5":0,"6":0},"b":{"0":[0,0],"1":[0,0],"2":[0,0],"3":[0,0],"4":[0,0],"5":[0,1]},"_coverageSchema":"332fd63041d2c1bcb487cc26dd0d5f7d97098a6c","hash":"537e4dce38652e3f6d727de3a4444ab4261d0136"}
,"/Users/anoop/Desktop/anoop-reviews/server/index.js": {"path":"/Users/anoop/Desktop/anoop-reviews/server/index.js","statementMap":{"0":{"start":{"line":2,"column":16},"end":{"line":2,"column":34}},"1":{"start":{"line":3,"column":15},"end":{"line":3,"column":32}},"2":{"start":{"line":4,"column":19},"end":{"line":4,"column":41}},"3":{"start":{"line":5,"column":13},"end":{"line":5,"column":28}},"4":{"start":{"line":6,"column":13},"end":{"line":6,"column":28}},"5":{"start":{"line":7,"column":21},"end":{"line":7,"column":41}},"6":{"start":{"line":10,"column":13},"end":{"line":10,"column":22}},"7":{"start":{"line":17,"column":0},"end":{"line":17,"column":28}},"8":{"start":{"line":22,"column":0},"end":{"line":36,"column":3}},"9":{"start":{"line":23,"column":2},"end":{"line":23,"column":49}},"10":{"start":{"line":24,"column":2},"end":{"line":27,"column":4}},"11":{"start":{"line":28,"column":2},"end":{"line":34,"column":3}},"12":{"start":{"line":29,"column":4},"end":{"line":32,"column":6}},"13":{"start":{"line":33,"column":4},"end":{"line":33,"column":36}},"14":{"start":{"line":35,"column":2},"end":{"line":35,"column":9}},"15":{"start":{"line":60,"column":0},"end":{"line":60,"column":35}},"16":{"start":{"line":65,"column":0},"end":{"line":68,"column":3}},"17":{"start":{"line":66,"column":16},"end":{"line":66,"column":38}},"18":{"start":{"line":67,"column":2},"end":{"line":67,"column":36}},"19":{"start":{"line":86,"column":14},"end":{"line":86,"column":39}},"20":{"start":{"line":88,"column":0},"end":{"line":88,"column":30}},"21":{"start":{"line":90,"column":16},"end":{"line":90,"column":39}},"22":{"start":{"line":93,"column":0},"end":{"line":93,"column":25}},"23":{"start":{"line":95,"column":0},"end":{"line":98,"column":1}},"24":{"start":{"line":96,"column":2},"end":{"line":96,"column":85}},"25":{"start":{"line":96,"column":30},"end":{"line":96,"column":83}}},"fnMap":{"0":{"name":"(anonymous_0)","decl":{"start":{"line":22,"column":9},"end":{"line":22,"column":10}},"loc":{"start":{"line":22,"column":29},"end":{"line":36,"column":1}},"line":22},"1":{"name":"(anonymous_1)","decl":{"start":{"line":65,"column":9},"end":{"line":65,"column":10}},"loc":{"start":{"line":65,"column":29},"end":{"line":68,"column":1}},"line":65},"2":{"name":"(anonymous_2)","decl":{"start":{"line":96,"column":24},"end":{"line":96,"column":25}},"loc":{"start":{"line":96,"column":30},"end":{"line":96,"column":83}},"line":96}},"branchMap":{"0":{"loc":{"start":{"line":28,"column":2},"end":{"line":34,"column":3}},"type":"if","locations":[{"start":{"line":28,"column":2},"end":{"line":34,"column":3}},{"start":{"line":28,"column":2},"end":{"line":34,"column":3}}],"line":28},"1":{"loc":{"start":{"line":86,"column":14},"end":{"line":86,"column":39}},"type":"binary-expr","locations":[{"start":{"line":86,"column":14},"end":{"line":86,"column":31}},{"start":{"line":86,"column":35},"end":{"line":86,"column":39}}],"line":86},"2":{"loc":{"start":{"line":95,"column":0},"end":{"line":98,"column":1}},"type":"if","locations":[{"start":{"line":95,"column":0},"end":{"line":98,"column":1}},{"start":{"line":95,"column":0},"end":{"line":98,"column":1}}],"line":95}},"s":{"0":1,"1":1,"2":1,"3":1,"4":1,"5":1,"6":1,"7":1,"8":1,"9":0,"10":0,"11":0,"12":0,"13":0,"14":0,"15":1,"16":1,"17":0,"18":0,"19":1,"20":1,"21":1,"22":1,"23":1,"24":0,"25":0},"f":{"0":0,"1":0,"2":0},"b":{"0":[0,0],"1":[1,1],"2":[0,1]},"_coverageSchema":"332fd63041d2c1bcb487cc26dd0d5f7d97098a6c","hash":"bd24fa5822c4d6f5b6e1e547b9b3c7ba93b65f8d"}
,"/Users/anoop/Desktop/anoop-reviews/server/reviews.js": {"path":"/Users/anoop/Desktop/anoop-reviews/server/reviews.js","statementMap":{"0":{"start":{"line":1,"column":16},"end":{"line":1,"column":34}},"1":{"start":{"line":2,"column":14},"end":{"line":2,"column":30}},"2":{"start":{"line":3,"column":22},"end":{"line":3,"column":37}},"3":{"start":{"line":4,"column":20},"end":{"line":4,"column":44}},"4":{"start":{"line":5,"column":11},"end":{"line":5,"column":42}},"5":{"start":{"line":7,"column":15},"end":{"line":7,"column":31}},"6":{"start":{"line":8,"column":20},"end":{"line":8,"column":40}},"7":{"start":{"line":10,"column":0},"end":{"line":12,"column":3}},"8":{"start":{"line":11,"column":2},"end":{"line":11,"column":36}},"9":{"start":{"line":14,"column":22},"end":{"line":14,"column":66}},"10":{"start":{"line":17,"column":25},"end":{"line":17,"column":34}},"11":{"start":{"line":19,"column":23},"end":{"line":29,"column":1}},"12":{"start":{"line":20,"column":17},"end":{"line":20,"column":19}},"13":{"start":{"line":21,"column":2},"end":{"line":21,"column":61}},"14":{"start":{"line":22,"column":2},"end":{"line":24,"column":3}},"15":{"start":{"line":23,"column":4},"end":{"line":23,"column":43}},"16":{"start":{"line":25,"column":16},"end":{"line":25,"column":35}},"17":{"start":{"line":26,"column":14},"end":{"line":26,"column":41}},"18":{"start":{"line":27,"column":2},"end":{"line":27,"column":65}},"19":{"start":{"line":28,"column":2},"end":{"line":28,"column":16}},"20":{"start":{"line":32,"column":0},"end":{"line":58,"column":3}},"21":{"start":{"line":33,"column":2},"end":{"line":57,"column":3}},"22":{"start":{"line":34,"column":21},"end":{"line":34,"column":31}},"23":{"start":{"line":35,"column":4},"end":{"line":35,"column":34}},"24":{"start":{"line":36,"column":25},"end":{"line":36,"column":62}},"25":{"start":{"line":37,"column":4},"end":{"line":54,"column":5}},"26":{"start":{"line":38,"column":6},"end":{"line":38,"column":41}},"27":{"start":{"line":39,"column":11},"end":{"line":54,"column":5}},"28":{"start":{"line":44,"column":19},"end":{"line":44,"column":51}},"29":{"start":{"line":45,"column":22},"end":{"line":45,"column":57}},"30":{"start":{"line":46,"column":6},"end":{"line":46,"column":95}},"31":{"start":{"line":47,"column":6},"end":{"line":47,"column":50}},"32":{"start":{"line":48,"column":6},"end":{"line":48,"column":74}},"33":{"start":{"line":49,"column":21},"end":{"line":49,"column":46}},"34":{"start":{"line":50,"column":6},"end":{"line":50,"column":35}},"35":{"start":{"line":51,"column":6},"end":{"line":51,"column":76}},"36":{"start":{"line":53,"column":6},"end":{"line":53,"column":54}},"37":{"start":{"line":56,"column":4},"end":{"line":56,"column":39}},"38":{"start":{"line":60,"column":0},"end":{"line":71,"column":3}},"39":{"start":{"line":61,"column":2},"end":{"line":70,"column":3}},"40":{"start":{"line":62,"column":17},"end":{"line":62,"column":44}},"41":{"start":{"line":63,"column":4},"end":{"line":63,"column":31}},"42":{"start":{"line":64,"column":19},"end":{"line":64,"column":29}},"43":{"start":{"line":65,"column":4},"end":{"line":65,"column":38}},"44":{"start":{"line":66,"column":4},"end":{"line":66,"column":33}},"45":{"start":{"line":67,"column":4},"end":{"line":67,"column":26}},"46":{"start":{"line":69,"column":4},"end":{"line":69,"column":39}},"47":{"start":{"line":74,"column":0},"end":{"line":86,"column":3}},"48":{"start":{"line":75,"column":2},"end":{"line":85,"column":3}},"49":{"start":{"line":76,"column":17},"end":{"line":76,"column":34}},"50":{"start":{"line":77,"column":19},"end":{"line":77,"column":38}},"51":{"start":{"line":78,"column":21},"end":{"line":78,"column":33}},"52":{"start":{"line":79,"column":4},"end":{"line":79,"column":38}},"53":{"start":{"line":80,"column":4},"end":{"line":80,"column":36}},"54":{"start":{"line":81,"column":4},"end":{"line":81,"column":26}},"55":{"start":{"line":82,"column":4},"end":{"line":82,"column":38}},"56":{"start":{"line":84,"column":4},"end":{"line":84,"column":39}},"57":{"start":{"line":88,"column":0},"end":{"line":100,"column":3}},"58":{"start":{"line":89,"column":2},"end":{"line":99,"column":3}},"59":{"start":{"line":90,"column":17},"end":{"line":90,"column":34}},"60":{"start":{"line":91,"column":19},"end":{"line":91,"column":38}},"61":{"start":{"line":92,"column":21},"end":{"line":92,"column":33}},"62":{"start":{"line":93,"column":4},"end":{"line":93,"column":38}},"63":{"start":{"line":94,"column":4},"end":{"line":94,"column":36}},"64":{"start":{"line":95,"column":4},"end":{"line":95,"column":26}},"65":{"start":{"line":96,"column":4},"end":{"line":96,"column":38}},"66":{"start":{"line":98,"column":4},"end":{"line":98,"column":39}},"67":{"start":{"line":102,"column":0},"end":{"line":102,"column":24}}},"fnMap":{"0":{"name":"(anonymous_0)","decl":{"start":{"line":10,"column":24},"end":{"line":10,"column":25}},"loc":{"start":{"line":10,"column":33},"end":{"line":12,"column":1}},"line":10},"1":{"name":"(anonymous_1)","decl":{"start":{"line":19,"column":23},"end":{"line":19,"column":24}},"loc":{"start":{"line":19,"column":55},"end":{"line":29,"column":1}},"line":19},"2":{"name":"(anonymous_2)","decl":{"start":{"line":32,"column":23},"end":{"line":32,"column":24}},"loc":{"start":{"line":32,"column":43},"end":{"line":58,"column":1}},"line":32},"3":{"name":"(anonymous_3)","decl":{"start":{"line":60,"column":24},"end":{"line":60,"column":25}},"loc":{"start":{"line":60,"column":44},"end":{"line":71,"column":1}},"line":60},"4":{"name":"(anonymous_4)","decl":{"start":{"line":74,"column":33},"end":{"line":74,"column":34}},"loc":{"start":{"line":74,"column":53},"end":{"line":86,"column":1}},"line":74},"5":{"name":"(anonymous_5)","decl":{"start":{"line":88,"column":36},"end":{"line":88,"column":37}},"loc":{"start":{"line":88,"column":56},"end":{"line":100,"column":1}},"line":88}},"branchMap":{"0":{"loc":{"start":{"line":22,"column":2},"end":{"line":24,"column":3}},"type":"if","locations":[{"start":{"line":22,"column":2},"end":{"line":24,"column":3}},{"start":{"line":22,"column":2},"end":{"line":24,"column":3}}],"line":22},"1":{"loc":{"start":{"line":37,"column":4},"end":{"line":54,"column":5}},"type":"if","locations":[{"start":{"line":37,"column":4},"end":{"line":54,"column":5}},{"start":{"line":37,"column":4},"end":{"line":54,"column":5}}],"line":37},"2":{"loc":{"start":{"line":39,"column":11},"end":{"line":54,"column":5}},"type":"if","locations":[{"start":{"line":39,"column":11},"end":{"line":54,"column":5}},{"start":{"line":39,"column":11},"end":{"line":54,"column":5}}],"line":39},"3":{"loc":{"start":{"line":40,"column":6},"end":{"line":42,"column":44}},"type":"binary-expr","locations":[{"start":{"line":40,"column":6},"end":{"line":40,"column":39}},{"start":{"line":41,"column":9},"end":{"line":42,"column":44}}],"line":40},"4":{"loc":{"start":{"line":41,"column":11},"end":{"line":42,"column":43}},"type":"binary-expr","locations":[{"start":{"line":41,"column":11},"end":{"line":41,"column":34}},{"start":{"line":42,"column":9},"end":{"line":42,"column":43}}],"line":41}},"s":{"0":1,"1":1,"2":1,"3":1,"4":1,"5":1,"6":1,"7":1,"8":0,"9":1,"10":1,"11":1,"12":0,"13":0,"14":0,"15":0,"16":0,"17":0,"18":0,"19":0,"20":1,"21":0,"22":0,"23":0,"24":0,"25":0,"26":0,"27":0,"28":0,"29":0,"30":0,"31":0,"32":0,"33":0,"34":0,"35":0,"36":0,"37":0,"38":1,"39":0,"40":0,"41":0,"42":0,"43":0,"44":0,"45":0,"46":0,"47":1,"48":0,"49":0,"50":0,"51":0,"52":0,"53":0,"54":0,"55":0,"56":0,"57":1,"58":0,"59":0,"60":0,"61":0,"62":0,"63":0,"64":0,"65":0,"66":0,"67":1},"f":{"0":0,"1":0,"2":0,"3":0,"4":0,"5":0},"b":{"0":[0,0],"1":[0,0],"2":[0,0],"3":[0,0],"4":[0,0]},"_coverageSchema":"332fd63041d2c1bcb487cc26dd0d5f7d97098a6c","hash":"4b6fbf39726722cd8b5054b3ac9ffd2fb0c36ca7"}
,"/Users/anoop/Desktop/anoop-reviews/server/tempStorage.js": {"path":"/Users/anoop/Desktop/anoop-reviews/server/tempStorage.js","statementMap":{"0":{"start":{"line":1,"column":20},"end":{"line":5,"column":1}},"1":{"start":{"line":7,"column":0},"end":{"line":7,"column":29}}},"fnMap":{},"branchMap":{},"s":{"0":1,"1":1},"f":{},"b":{},"_coverageSchema":"332fd63041d2c1bcb487cc26dd0d5f7d97098a6c","hash":"a89dceb3c205b050085ad2c6348ea9d37ab246de"}
}
